<?xml version="1.0" encoding="UTF-8"?>
<testng-results skipped="0" failed="0" total="1" passed="1">
  <reporter-output>
  </reporter-output>
  <suite name="Suite" duration-ms="64" started-at="2018-04-10T10:06:48Z" finished-at="2018-04-10T10:06:48Z">
    <groups>
    </groups>
    <test name="Test" duration-ms="64" started-at="2018-04-10T10:06:48Z" finished-at="2018-04-10T10:06:48Z">
      <class name="maven.demo.testmaven">
        <test-method status="PASS" signature="test1()[pri:0, instance:maven.demo.testmaven@9f70c54]" name="test1" duration-ms="23" started-at="2018-04-10T18:06:48Z" finished-at="2018-04-10T18:06:48Z">
          <reporter-output>
          </reporter-output>
        </test-method> <!-- test1 -->
      </class> <!-- maven.demo.testmaven -->
    </test> <!-- Test -->
  </suite> <!-- Suite -->
</testng-results>
